[18:10:33] [main/INFO]: Setting user: Player417
[18:10:34] [Client thread/INFO]: LWJGL Version: 2.9.1
[18:10:42] [Client thread/INFO]: Reloading ResourceManager: Default, FMLFileResourcePack:Forge Mod Loader, FMLFileResourcePack:Minecraft Forge, FMLFileResourcePack:lmmx, FMLFileResourcePack:MMMLibX, FMLFileResourcePack:Sokoniyatugairuzo, FMLFileResourcePack:zabuton, FMLFileResourcePack:HandmadeGuns, FMLFileResourcePack:HMVehicle
[18:10:43] [Client thread/INFO]: Reloading ResourceManager: Default, FMLFileResourcePack:Forge Mod Loader, FMLFileResourcePack:Minecraft Forge, FMLFileResourcePack:lmmx, FMLFileResourcePack:MMMLibX, FMLFileResourcePack:Sokoniyatugairuzo, FMLFileResourcePack:zabuton, FMLFileResourcePack:HandmadeGuns, FMLFileResourcePack:HMVehicle, FMLFileResourcePack:HandmadeGuns, FMLFileResourcePack:HandmadeGuns, FMLFileResourcePack:HandmadeGuns, FMLFileResourcePack:HandmadeGuns, FMLFileResourcePack:HandmadeGuns, FMLFileResourcePack:HandmadeGuns
[18:10:47] [Client thread/INFO]: Reloading ResourceManager: Default, FMLFileResourcePack:Forge Mod Loader, FMLFileResourcePack:Minecraft Forge, FMLFileResourcePack:lmmx, FMLFileResourcePack:MMMLibX, FMLFileResourcePack:Sokoniyatugairuzo, FMLFileResourcePack:zabuton, FMLFileResourcePack:HandmadeGuns, FMLFileResourcePack:HMVehicle, FMLFileResourcePack:HandmadeGuns, FMLFileResourcePack:HandmadeGuns, FMLFileResourcePack:HandmadeGuns, FMLFileResourcePack:HandmadeGuns, FMLFileResourcePack:HandmadeGuns, FMLFileResourcePack:HandmadeGuns, FMLFileResourcePack:HMVehicle, FMLFileResourcePack:HMVehicle
[18:10:51] [Sound Library Loader/INFO]: Sound engine started
[18:10:53] [Client thread/WARN]: File handmadeguns:sounds/nulls.ogg does not exist, cannot add it to event handmadeguns:handmadeguns.nulls
[18:10:53] [Client thread/INFO]: Created: 16x16 textures/blocks-atlas
[18:10:53] [Client thread/INFO]: Created: 16x16 textures/items-atlas
[18:11:05] [Client thread/INFO]: Reloading ResourceManager: Default, FMLFileResourcePack:Forge Mod Loader, FMLFileResourcePack:Minecraft Forge, FMLFileResourcePack:lmmx, FMLFileResourcePack:MMMLibX, FMLFileResourcePack:Sokoniyatugairuzo, FMLFileResourcePack:zabuton, FMLFileResourcePack:HandmadeGuns, FMLFileResourcePack:HMVehicle, FMLFileResourcePack:HandmadeGuns, FMLFileResourcePack:HandmadeGuns, FMLFileResourcePack:HandmadeGuns, FMLFileResourcePack:HandmadeGuns, FMLFileResourcePack:HandmadeGuns, FMLFileResourcePack:HandmadeGuns, FMLFileResourcePack:HMVehicle, FMLFileResourcePack:HMVehicle
[18:11:05] [Client thread/INFO]: Created: 512x256 textures/blocks-atlas
[18:11:06] [Client thread/INFO]: Created: 1024x1024 textures/items-atlas
[18:11:07] [Sound Library Loader/INFO]: Sound engine started
[18:11:07] [Client thread/WARN]: File handmadeguns:sounds/nulls.ogg does not exist, cannot add it to event handmadeguns:handmadeguns.nulls
[18:11:24] [Server thread/INFO]: Starting integrated minecraft server version 1.7.10
[18:11:24] [Server thread/INFO]: Generating keypair
[18:11:25] [Server thread/INFO]: Preparing start region for level 0
[18:11:25] [Server thread/INFO]: Changing view distance to 12, from 10
[18:11:26] [Server thread/INFO]: Player417[local:E:c61478ab] logged in with entity id 126 at (-1741.8565382993947, 4.0, 94.9948926631626)
[18:11:26] [Server thread/INFO]: Player417 joined the game
[18:11:35] [Server thread/INFO]: Player417 has just earned the achievement [Taking Inventory]
[18:11:35] [Client thread/INFO]: [CHAT] Player417 has just earned the achievement [Taking Inventory]
[18:11:59] [Server thread/INFO]: Saving and pausing game...
[18:11:59] [Server thread/INFO]: Saving chunks for level 'New World'/Overworld
[18:11:59] [Server thread/INFO]: Saving chunks for level 'New World'/Nether
[18:11:59] [Server thread/INFO]: Saving chunks for level 'New World'/The End
[18:13:18] [Client thread/INFO]: [CHAT] Aim : Off
[18:13:45] [Server thread/INFO]: Saving and pausing game...
[18:13:45] [Server thread/INFO]: Saving chunks for level 'New World'/Overworld
[18:13:45] [Server thread/INFO]: Saving chunks for level 'New World'/Nether
[18:13:45] [Server thread/INFO]: Saving chunks for level 'New World'/The End
[18:14:35] [Client thread/INFO]: Stopping!
[18:14:35] [Server thread/INFO]: Stopping server
[18:14:35] [Server thread/INFO]: Saving players
[18:14:35] [Server thread/INFO]: Saving worlds
[18:14:35] [Server thread/INFO]: Saving chunks for level 'New World'/Overworld
[18:14:35] [Server thread/INFO]: Saving chunks for level 'New World'/Nether
[18:14:35] [Server thread/INFO]: Saving chunks for level 'New World'/The End
