[21:22:18] [main/INFO]: Setting user: Player861
[21:22:19] [Client thread/INFO]: LWJGL Version: 2.9.1
[21:22:28] [Client thread/INFO]: Reloading ResourceManager: Default, FMLFileResourcePack:Forge Mod Loader, FMLFileResourcePack:Minecraft Forge, FMLFileResourcePack:GVCMob, FMLFileResourcePack:GVCGuns, FMLFileResourcePack:HandmadeGuns, FMLFileResourcePack:HMVehicle, FMLFileResourcePack:lmmx, FMLFileResourcePack:MMMLibX, FMLFileResourcePack:Sokoniyatugairuzo, FMLFileResourcePack:zabuton, FMLFileResourcePack:DungeonGeneratorBase
[21:22:28] [Client thread/INFO]: Reloading ResourceManager: Default, FMLFileResourcePack:Forge Mod Loader, FMLFileResourcePack:Minecraft Forge, FMLFileResourcePack:GVCMob, FMLFileResourcePack:GVCGuns, FMLFileResourcePack:HandmadeGuns, FMLFileResourcePack:HMVehicle, FMLFileResourcePack:lmmx, FMLFileResourcePack:MMMLibX, FMLFileResourcePack:Sokoniyatugairuzo, FMLFileResourcePack:zabuton, FMLFileResourcePack:DungeonGeneratorBase, FMLFileResourcePack:HandmadeGuns, FMLFileResourcePack:HandmadeGuns, FMLFileResourcePack:HandmadeGuns, FMLFileResourcePack:HandmadeGuns, FMLFileResourcePack:HandmadeGuns, FMLFileResourcePack:HandmadeGuns
[21:22:33] [Client thread/INFO]: Reloading ResourceManager: Default, FMLFileResourcePack:Forge Mod Loader, FMLFileResourcePack:Minecraft Forge, FMLFileResourcePack:GVCMob, FMLFileResourcePack:GVCGuns, FMLFileResourcePack:HandmadeGuns, FMLFileResourcePack:HMVehicle, FMLFileResourcePack:lmmx, FMLFileResourcePack:MMMLibX, FMLFileResourcePack:Sokoniyatugairuzo, FMLFileResourcePack:zabuton, FMLFileResourcePack:DungeonGeneratorBase, FMLFileResourcePack:HandmadeGuns, FMLFileResourcePack:HandmadeGuns, FMLFileResourcePack:HandmadeGuns, FMLFileResourcePack:HandmadeGuns, FMLFileResourcePack:HandmadeGuns, FMLFileResourcePack:HandmadeGuns, FMLFileResourcePack:HMVehicle, FMLFileResourcePack:HMVehicle, FMLFileResourcePack:HMVehicle
[21:22:38] [Sound Library Loader/INFO]: Sound engine started
[21:22:39] [Client thread/WARN]: File gvcguns:sounds/reload.ogg does not exist, cannot add it to event gvcguns:gvcguns.reload
[21:22:39] [Client thread/WARN]: File gvcguns:sounds/shot2.ogg does not exist, cannot add it to event gvcguns:gvcguns.shot2
[21:22:39] [Client thread/WARN]: File gvcguns:sounds/fire.ogg does not exist, cannot add it to event gvcguns:gvcguns.fire
[21:22:39] [Client thread/WARN]: File gvcguns:sounds/firehg.ogg does not exist, cannot add it to event gvcguns:gvcguns.firehg
[21:22:39] [Client thread/WARN]: File gvcguns:sounds/firecannon.ogg does not exist, cannot add it to event gvcguns:gvcguns.firecannon
[21:22:39] [Client thread/WARN]: File gvcguns:sounds/firegrenade.ogg does not exist, cannot add it to event gvcguns:gvcguns.firegrenade
[21:22:39] [Client thread/WARN]: File gvcguns:sounds/rail.ogg does not exist, cannot add it to event gvcguns:gvcguns.rail
[21:22:39] [Client thread/WARN]: File gvcguns:sounds/railCannon.ogg does not exist, cannot add it to event gvcguns:gvcguns.railCannon
[21:22:39] [Client thread/WARN]: File gvcguns:sounds/railcharge.ogg does not exist, cannot add it to event gvcguns:gvcguns.railcharge
[21:22:39] [Client thread/WARN]: File gvcguns:sounds/loading.ogg does not exist, cannot add it to event gvcguns:gvcguns.loading
[21:22:39] [Client thread/WARN]: File gvcguns:sounds/wark.ogg does not exist, cannot add it to event gvcguns:gvcguns.wark
[21:22:39] [Client thread/WARN]: File gvcguns:sounds/tank.ogg does not exist, cannot add it to event gvcguns:gvcguns.tank
[21:22:39] [Client thread/WARN]: File gvcguns:sounds/zye.ogg does not exist, cannot add it to event gvcguns:gvcguns.zye
[21:22:39] [Client thread/WARN]: File gvcguns:sounds/lockon.ogg does not exist, cannot add it to event gvcguns:gvcguns.lockon
[21:22:39] [Client thread/WARN]: File gvcguns:sounds/cooking.ogg does not exist, cannot add it to event gvcguns:gvcguns.cocking
[21:22:39] [Client thread/WARN]: File gvcguns:sounds/null.ogg does not exist, cannot add it to event gvcguns:gvcguns.null
[21:22:39] [Client thread/WARN]: File gvcguns:sounds/heli.ogg does not exist, cannot add it to event gvcguns:gvcguns.heli
[21:22:39] [Client thread/WARN]: File gvcguns:sounds/jet1.ogg does not exist, cannot add it to event gvcguns:gvcguns.jet1
[21:22:39] [Client thread/WARN]: File gvcguns:sounds/jet2.ogg does not exist, cannot add it to event gvcguns:gvcguns.jet2
[21:22:39] [Client thread/WARN]: File gvcguns:sounds/lock.ogg does not exist, cannot add it to event gvcguns:gvcguns.lock
[21:22:39] [Client thread/WARN]: File gvcguns:sounds/fireee.ogg does not exist, cannot add it to event gvcguns:gvcguns.fireee
[21:22:39] [Client thread/WARN]: File gvcguns:sounds/grenadelancher.ogg does not exist, cannot add it to event gvcguns:gvcguns.grenadelancher
[21:22:39] [Client thread/WARN]: File gvcguns:sounds/cannon.ogg does not exist, cannot add it to event gvcguns:gvcguns.cannon
[21:22:39] [Client thread/WARN]: File gvcguns:sounds/rocket.ogg does not exist, cannot add it to event gvcguns:gvcguns.rocket
[21:22:39] [Client thread/WARN]: File gvcguns:sounds/fireSR.ogg does not exist, cannot add it to event gvcguns:gvcguns.fireSR
[21:22:39] [Client thread/WARN]: File gvcguns:sounds/reload.ogg does not exist, cannot add it to event gvcguns:gvcguns.reload
[21:22:39] [Client thread/WARN]: File gvcguns:sounds/shot2.ogg does not exist, cannot add it to event gvcguns:gvcguns.shot2
[21:22:39] [Client thread/WARN]: File gvcguns:sounds/fire.ogg does not exist, cannot add it to event gvcguns:gvcguns.fire
[21:22:39] [Client thread/WARN]: File gvcguns:sounds/firehg.ogg does not exist, cannot add it to event gvcguns:gvcguns.firehg
[21:22:39] [Client thread/WARN]: File gvcguns:sounds/firecannon.ogg does not exist, cannot add it to event gvcguns:gvcguns.firecannon
[21:22:39] [Client thread/WARN]: File gvcguns:sounds/firegrenade.ogg does not exist, cannot add it to event gvcguns:gvcguns.firegrenade
[21:22:39] [Client thread/WARN]: File gvcguns:sounds/rail.ogg does not exist, cannot add it to event gvcguns:gvcguns.rail
[21:22:39] [Client thread/WARN]: File gvcguns:sounds/railCannon.ogg does not exist, cannot add it to event gvcguns:gvcguns.railCannon
[21:22:39] [Client thread/WARN]: File gvcguns:sounds/railcharge.ogg does not exist, cannot add it to event gvcguns:gvcguns.railcharge
[21:22:39] [Client thread/WARN]: File gvcguns:sounds/loading.ogg does not exist, cannot add it to event gvcguns:gvcguns.loading
[21:22:39] [Client thread/WARN]: File gvcguns:sounds/wark.ogg does not exist, cannot add it to event gvcguns:gvcguns.wark
[21:22:39] [Client thread/WARN]: File gvcguns:sounds/tank.ogg does not exist, cannot add it to event gvcguns:gvcguns.tank
[21:22:39] [Client thread/WARN]: File gvcguns:sounds/zye.ogg does not exist, cannot add it to event gvcguns:gvcguns.zye
[21:22:39] [Client thread/WARN]: File gvcguns:sounds/lockon.ogg does not exist, cannot add it to event gvcguns:gvcguns.lockon
[21:22:39] [Client thread/WARN]: File gvcguns:sounds/cooking.ogg does not exist, cannot add it to event gvcguns:gvcguns.cocking
[21:22:39] [Client thread/WARN]: File gvcguns:sounds/null.ogg does not exist, cannot add it to event gvcguns:gvcguns.null
[21:22:39] [Client thread/WARN]: File gvcguns:sounds/heli.ogg does not exist, cannot add it to event gvcguns:gvcguns.heli
[21:22:39] [Client thread/WARN]: File gvcguns:sounds/jet1.ogg does not exist, cannot add it to event gvcguns:gvcguns.jet1
[21:22:39] [Client thread/WARN]: File gvcguns:sounds/jet2.ogg does not exist, cannot add it to event gvcguns:gvcguns.jet2
[21:22:39] [Client thread/WARN]: File gvcguns:sounds/lock.ogg does not exist, cannot add it to event gvcguns:gvcguns.lock
[21:22:39] [Client thread/WARN]: File gvcguns:sounds/fireee.ogg does not exist, cannot add it to event gvcguns:gvcguns.fireee
[21:22:39] [Client thread/WARN]: File gvcguns:sounds/grenadelancher.ogg does not exist, cannot add it to event gvcguns:gvcguns.grenadelancher
[21:22:39] [Client thread/WARN]: File gvcguns:sounds/cannon.ogg does not exist, cannot add it to event gvcguns:gvcguns.cannon
[21:22:39] [Client thread/WARN]: File gvcguns:sounds/rocket.ogg does not exist, cannot add it to event gvcguns:gvcguns.rocket
[21:22:39] [Client thread/WARN]: File gvcguns:sounds/fireSR.ogg does not exist, cannot add it to event gvcguns:gvcguns.fireSR
[21:22:39] [Client thread/WARN]: File gvcmob:sounds/grenade_voice.ogg does not exist, cannot add it to event gvcmob:gvcmob.grenade
[21:22:39] [Client thread/WARN]: File gvcmob:sounds/heli.ogg does not exist, cannot add it to event gvcmob:gvcmob.heli
[21:22:39] [Client thread/WARN]: File gvcmob:sounds/tank.ogg does not exist, cannot add it to event gvcmob:gvcmob.tank
[21:22:39] [Client thread/WARN]: File gvcmob:sounds/Caterpillar.ogg does not exist, cannot add it to event gvcmob:gvcmob.Caterpillar
[21:22:39] [Client thread/WARN]: File gvcmob:sounds/cannon1.ogg does not exist, cannot add it to event gvcmob:gvcmob.cannon1
[21:22:39] [Client thread/WARN]: File gvcmob:sounds/cannon2.ogg does not exist, cannot add it to event gvcmob:gvcmob.cannon2
[21:22:39] [Client thread/WARN]: File gvcmob:sounds/T80Fire.ogg does not exist, cannot add it to event gvcmob:gvcmob.T80Fire
[21:22:39] [Client thread/WARN]: File gvcmob:sounds/missile1.ogg does not exist, cannot add it to event gvcmob:gvcmob.missile1
[21:22:39] [Client thread/WARN]: File gvcmob:sounds/bombdrops.ogg does not exist, cannot add it to event gvcmob:gvcmob.bombdrops
[21:22:39] [Client thread/WARN]: File gvcmob:sounds/TankTrack.ogg does not exist, cannot add it to event gvcmob:gvcmob.TankTrack
[21:22:39] [Client thread/WARN]: File gvcmob:sounds/TankFire.ogg does not exist, cannot add it to event gvcmob:gvcmob.TankFire
[21:22:39] [Client thread/WARN]: File gvcmob:sounds/Tu-95prop.ogg does not exist, cannot add it to event gvcmob:gvcmob.Tu-95prop
[21:22:39] [Client thread/WARN]: File gvcmob:sounds/120mmFire.ogg does not exist, cannot add it to event gvcmob:gvcmob.120mmFire
[21:22:39] [Client thread/WARN]: File gvcmob:sounds/125mmFire.ogg does not exist, cannot add it to event gvcmob:gvcmob.125mmFire
[21:22:39] [Client thread/WARN]: File gvcmob:sounds/APCTrack.ogg does not exist, cannot add it to event gvcmob:gvcmob.APCTrack
[21:22:39] [Client thread/WARN]: File gvcmob:sounds/BMPTrack.ogg does not exist, cannot add it to event gvcmob:gvcmob.BMPTrack
[21:22:39] [Client thread/WARN]: File gvcmob:sounds/MBTTrack.ogg does not exist, cannot add it to event gvcmob:gvcmob.MBTTrack
[21:22:39] [Client thread/WARN]: File gvcmob:sounds/Leopard1Track.ogg does not exist, cannot add it to event gvcmob:gvcmob.Leopard1Track
[21:22:39] [Client thread/WARN]: File gvcmob:sounds/T34Track.ogg does not exist, cannot add it to event gvcmob:gvcmob.T34Track
[21:22:39] [Client thread/WARN]: File gvcmob:sounds/T-90Track.ogg does not exist, cannot add it to event gvcmob:gvcmob.T-90Track
[21:22:39] [Client thread/WARN]: File gvcmob:sounds/JeepWheel.ogg does not exist, cannot add it to event gvcmob:gvcmob.JeepWheel
[21:22:39] [Client thread/WARN]: File gvcmob:sounds/armorhit.ogg does not exist, cannot add it to event gvcmob:gvcmob.armorhit
[21:22:39] [Client thread/WARN]: File gvcmob:sounds/traverseSound.ogg does not exist, cannot add it to event gvcmob:gvcmob.traverseSound
[21:22:39] [Client thread/WARN]: File gvcmob:sounds/73mmLowPresureGunFire.ogg does not exist, cannot add it to event gvcmob:gvcmob.73mmLowPresureGunFire
[21:22:39] [Client thread/WARN]: File gvcmob:sounds/ArmorBounce.ogg does not exist, cannot add it to event gvcmob:gvcmob.ArmorBounce
[21:22:39] [Client thread/WARN]: File gvcmob:sounds/Arty_reload.ogg does not exist, cannot add it to event gvcmob:gvcmob.Arty_reload
[21:22:39] [Client thread/WARN]: File gvcmob:sounds/grenade_voice.ogg does not exist, cannot add it to event gvcmob:gvcmob.grenade
[21:22:39] [Client thread/WARN]: File gvcmob:sounds/heli.ogg does not exist, cannot add it to event gvcmob:gvcmob.heli
[21:22:39] [Client thread/WARN]: File gvcmob:sounds/tank.ogg does not exist, cannot add it to event gvcmob:gvcmob.tank
[21:22:39] [Client thread/WARN]: File gvcmob:sounds/Caterpillar.ogg does not exist, cannot add it to event gvcmob:gvcmob.Caterpillar
[21:22:39] [Client thread/WARN]: File gvcmob:sounds/cannon1.ogg does not exist, cannot add it to event gvcmob:gvcmob.cannon1
[21:22:39] [Client thread/WARN]: File gvcmob:sounds/cannon2.ogg does not exist, cannot add it to event gvcmob:gvcmob.cannon2
[21:22:39] [Client thread/WARN]: File gvcmob:sounds/T80Fire.ogg does not exist, cannot add it to event gvcmob:gvcmob.T80Fire
[21:22:39] [Client thread/WARN]: File gvcmob:sounds/missile1.ogg does not exist, cannot add it to event gvcmob:gvcmob.missile1
[21:22:39] [Client thread/WARN]: File gvcmob:sounds/bombdrops.ogg does not exist, cannot add it to event gvcmob:gvcmob.bombdrops
[21:22:39] [Client thread/WARN]: File gvcmob:sounds/TankTrack.ogg does not exist, cannot add it to event gvcmob:gvcmob.TankTrack
[21:22:39] [Client thread/WARN]: File gvcmob:sounds/TankFire.ogg does not exist, cannot add it to event gvcmob:gvcmob.TankFire
[21:22:39] [Client thread/WARN]: File gvcmob:sounds/Tu-95prop.ogg does not exist, cannot add it to event gvcmob:gvcmob.Tu-95prop
[21:22:39] [Client thread/WARN]: File gvcmob:sounds/120mmFire.ogg does not exist, cannot add it to event gvcmob:gvcmob.120mmFire
[21:22:39] [Client thread/WARN]: File gvcmob:sounds/125mmFire.ogg does not exist, cannot add it to event gvcmob:gvcmob.125mmFire
[21:22:39] [Client thread/WARN]: File gvcmob:sounds/APCTrack.ogg does not exist, cannot add it to event gvcmob:gvcmob.APCTrack
[21:22:39] [Client thread/WARN]: File gvcmob:sounds/BMPTrack.ogg does not exist, cannot add it to event gvcmob:gvcmob.BMPTrack
[21:22:39] [Client thread/WARN]: File gvcmob:sounds/MBTTrack.ogg does not exist, cannot add it to event gvcmob:gvcmob.MBTTrack
[21:22:39] [Client thread/WARN]: File gvcmob:sounds/Leopard1Track.ogg does not exist, cannot add it to event gvcmob:gvcmob.Leopard1Track
[21:22:39] [Client thread/WARN]: File gvcmob:sounds/T34Track.ogg does not exist, cannot add it to event gvcmob:gvcmob.T34Track
[21:22:39] [Client thread/WARN]: File gvcmob:sounds/T-90Track.ogg does not exist, cannot add it to event gvcmob:gvcmob.T-90Track
[21:22:39] [Client thread/WARN]: File gvcmob:sounds/JeepWheel.ogg does not exist, cannot add it to event gvcmob:gvcmob.JeepWheel
[21:22:39] [Client thread/WARN]: File gvcmob:sounds/armorhit.ogg does not exist, cannot add it to event gvcmob:gvcmob.armorhit
[21:22:39] [Client thread/WARN]: File gvcmob:sounds/traverseSound.ogg does not exist, cannot add it to event gvcmob:gvcmob.traverseSound
[21:22:39] [Client thread/WARN]: File gvcmob:sounds/73mmLowPresureGunFire.ogg does not exist, cannot add it to event gvcmob:gvcmob.73mmLowPresureGunFire
[21:22:39] [Client thread/WARN]: File gvcmob:sounds/ArmorBounce.ogg does not exist, cannot add it to event gvcmob:gvcmob.ArmorBounce
[21:22:39] [Client thread/WARN]: File gvcmob:sounds/Arty_reload.ogg does not exist, cannot add it to event gvcmob:gvcmob.Arty_reload
[21:22:39] [Client thread/WARN]: File handmadeguns:sounds/nulls.ogg does not exist, cannot add it to event handmadeguns:handmadeguns.nulls
[21:22:40] [Client thread/INFO]: Created: 16x16 textures/blocks-atlas
[21:22:40] [Client thread/INFO]: Created: 16x16 textures/items-atlas
[21:22:53] [Client thread/INFO]: Reloading ResourceManager: Default, FMLFileResourcePack:Forge Mod Loader, FMLFileResourcePack:Minecraft Forge, FMLFileResourcePack:GVCMob, FMLFileResourcePack:GVCGuns, FMLFileResourcePack:HandmadeGuns, FMLFileResourcePack:HMVehicle, FMLFileResourcePack:lmmx, FMLFileResourcePack:MMMLibX, FMLFileResourcePack:Sokoniyatugairuzo, FMLFileResourcePack:zabuton, FMLFileResourcePack:DungeonGeneratorBase, FMLFileResourcePack:HandmadeGuns, FMLFileResourcePack:HandmadeGuns, FMLFileResourcePack:HandmadeGuns, FMLFileResourcePack:HandmadeGuns, FMLFileResourcePack:HandmadeGuns, FMLFileResourcePack:HandmadeGuns, FMLFileResourcePack:HMVehicle, FMLFileResourcePack:HMVehicle, FMLFileResourcePack:HMVehicle
[21:22:53] [Client thread/INFO]: Created: 512x256 textures/blocks-atlas
[21:22:54] [Client thread/INFO]: Created: 1024x1024 textures/items-atlas
[21:22:55] [Sound Library Loader/INFO]: Sound engine started
[21:22:55] [Client thread/WARN]: File gvcguns:sounds/reload.ogg does not exist, cannot add it to event gvcguns:gvcguns.reload
[21:22:55] [Client thread/WARN]: File gvcguns:sounds/shot2.ogg does not exist, cannot add it to event gvcguns:gvcguns.shot2
[21:22:55] [Client thread/WARN]: File gvcguns:sounds/fire.ogg does not exist, cannot add it to event gvcguns:gvcguns.fire
[21:22:55] [Client thread/WARN]: File gvcguns:sounds/firehg.ogg does not exist, cannot add it to event gvcguns:gvcguns.firehg
[21:22:55] [Client thread/WARN]: File gvcguns:sounds/firecannon.ogg does not exist, cannot add it to event gvcguns:gvcguns.firecannon
[21:22:55] [Client thread/WARN]: File gvcguns:sounds/firegrenade.ogg does not exist, cannot add it to event gvcguns:gvcguns.firegrenade
[21:22:55] [Client thread/WARN]: File gvcguns:sounds/rail.ogg does not exist, cannot add it to event gvcguns:gvcguns.rail
[21:22:55] [Client thread/WARN]: File gvcguns:sounds/railCannon.ogg does not exist, cannot add it to event gvcguns:gvcguns.railCannon
[21:22:55] [Client thread/WARN]: File gvcguns:sounds/railcharge.ogg does not exist, cannot add it to event gvcguns:gvcguns.railcharge
[21:22:55] [Client thread/WARN]: File gvcguns:sounds/loading.ogg does not exist, cannot add it to event gvcguns:gvcguns.loading
[21:22:55] [Client thread/WARN]: File gvcguns:sounds/wark.ogg does not exist, cannot add it to event gvcguns:gvcguns.wark
[21:22:55] [Client thread/WARN]: File gvcguns:sounds/tank.ogg does not exist, cannot add it to event gvcguns:gvcguns.tank
[21:22:55] [Client thread/WARN]: File gvcguns:sounds/zye.ogg does not exist, cannot add it to event gvcguns:gvcguns.zye
[21:22:55] [Client thread/WARN]: File gvcguns:sounds/lockon.ogg does not exist, cannot add it to event gvcguns:gvcguns.lockon
[21:22:55] [Client thread/WARN]: File gvcguns:sounds/cooking.ogg does not exist, cannot add it to event gvcguns:gvcguns.cocking
[21:22:55] [Client thread/WARN]: File gvcguns:sounds/null.ogg does not exist, cannot add it to event gvcguns:gvcguns.null
[21:22:55] [Client thread/WARN]: File gvcguns:sounds/heli.ogg does not exist, cannot add it to event gvcguns:gvcguns.heli
[21:22:55] [Client thread/WARN]: File gvcguns:sounds/jet1.ogg does not exist, cannot add it to event gvcguns:gvcguns.jet1
[21:22:55] [Client thread/WARN]: File gvcguns:sounds/jet2.ogg does not exist, cannot add it to event gvcguns:gvcguns.jet2
[21:22:55] [Client thread/WARN]: File gvcguns:sounds/lock.ogg does not exist, cannot add it to event gvcguns:gvcguns.lock
[21:22:55] [Client thread/WARN]: File gvcguns:sounds/fireee.ogg does not exist, cannot add it to event gvcguns:gvcguns.fireee
[21:22:55] [Client thread/WARN]: File gvcguns:sounds/grenadelancher.ogg does not exist, cannot add it to event gvcguns:gvcguns.grenadelancher
[21:22:55] [Client thread/WARN]: File gvcguns:sounds/cannon.ogg does not exist, cannot add it to event gvcguns:gvcguns.cannon
[21:22:55] [Client thread/WARN]: File gvcguns:sounds/rocket.ogg does not exist, cannot add it to event gvcguns:gvcguns.rocket
[21:22:55] [Client thread/WARN]: File gvcguns:sounds/fireSR.ogg does not exist, cannot add it to event gvcguns:gvcguns.fireSR
[21:22:55] [Client thread/WARN]: File gvcguns:sounds/reload.ogg does not exist, cannot add it to event gvcguns:gvcguns.reload
[21:22:55] [Client thread/WARN]: File gvcguns:sounds/shot2.ogg does not exist, cannot add it to event gvcguns:gvcguns.shot2
[21:22:55] [Client thread/WARN]: File gvcguns:sounds/fire.ogg does not exist, cannot add it to event gvcguns:gvcguns.fire
[21:22:55] [Client thread/WARN]: File gvcguns:sounds/firehg.ogg does not exist, cannot add it to event gvcguns:gvcguns.firehg
[21:22:55] [Client thread/WARN]: File gvcguns:sounds/firecannon.ogg does not exist, cannot add it to event gvcguns:gvcguns.firecannon
[21:22:55] [Client thread/WARN]: File gvcguns:sounds/firegrenade.ogg does not exist, cannot add it to event gvcguns:gvcguns.firegrenade
[21:22:55] [Client thread/WARN]: File gvcguns:sounds/rail.ogg does not exist, cannot add it to event gvcguns:gvcguns.rail
[21:22:55] [Client thread/WARN]: File gvcguns:sounds/railCannon.ogg does not exist, cannot add it to event gvcguns:gvcguns.railCannon
[21:22:55] [Client thread/WARN]: File gvcguns:sounds/railcharge.ogg does not exist, cannot add it to event gvcguns:gvcguns.railcharge
[21:22:55] [Client thread/WARN]: File gvcguns:sounds/loading.ogg does not exist, cannot add it to event gvcguns:gvcguns.loading
[21:22:55] [Client thread/WARN]: File gvcguns:sounds/wark.ogg does not exist, cannot add it to event gvcguns:gvcguns.wark
[21:22:55] [Client thread/WARN]: File gvcguns:sounds/tank.ogg does not exist, cannot add it to event gvcguns:gvcguns.tank
[21:22:55] [Client thread/WARN]: File gvcguns:sounds/zye.ogg does not exist, cannot add it to event gvcguns:gvcguns.zye
[21:22:55] [Client thread/WARN]: File gvcguns:sounds/lockon.ogg does not exist, cannot add it to event gvcguns:gvcguns.lockon
[21:22:55] [Client thread/WARN]: File gvcguns:sounds/cooking.ogg does not exist, cannot add it to event gvcguns:gvcguns.cocking
[21:22:55] [Client thread/WARN]: File gvcguns:sounds/null.ogg does not exist, cannot add it to event gvcguns:gvcguns.null
[21:22:55] [Client thread/WARN]: File gvcguns:sounds/heli.ogg does not exist, cannot add it to event gvcguns:gvcguns.heli
[21:22:55] [Client thread/WARN]: File gvcguns:sounds/jet1.ogg does not exist, cannot add it to event gvcguns:gvcguns.jet1
[21:22:55] [Client thread/WARN]: File gvcguns:sounds/jet2.ogg does not exist, cannot add it to event gvcguns:gvcguns.jet2
[21:22:55] [Client thread/WARN]: File gvcguns:sounds/lock.ogg does not exist, cannot add it to event gvcguns:gvcguns.lock
[21:22:55] [Client thread/WARN]: File gvcguns:sounds/fireee.ogg does not exist, cannot add it to event gvcguns:gvcguns.fireee
[21:22:55] [Client thread/WARN]: File gvcguns:sounds/grenadelancher.ogg does not exist, cannot add it to event gvcguns:gvcguns.grenadelancher
[21:22:55] [Client thread/WARN]: File gvcguns:sounds/cannon.ogg does not exist, cannot add it to event gvcguns:gvcguns.cannon
[21:22:55] [Client thread/WARN]: File gvcguns:sounds/rocket.ogg does not exist, cannot add it to event gvcguns:gvcguns.rocket
[21:22:55] [Client thread/WARN]: File gvcguns:sounds/fireSR.ogg does not exist, cannot add it to event gvcguns:gvcguns.fireSR
[21:22:55] [Client thread/WARN]: File gvcmob:sounds/grenade_voice.ogg does not exist, cannot add it to event gvcmob:gvcmob.grenade
[21:22:55] [Client thread/WARN]: File gvcmob:sounds/heli.ogg does not exist, cannot add it to event gvcmob:gvcmob.heli
[21:22:55] [Client thread/WARN]: File gvcmob:sounds/tank.ogg does not exist, cannot add it to event gvcmob:gvcmob.tank
[21:22:55] [Client thread/WARN]: File gvcmob:sounds/Caterpillar.ogg does not exist, cannot add it to event gvcmob:gvcmob.Caterpillar
[21:22:55] [Client thread/WARN]: File gvcmob:sounds/cannon1.ogg does not exist, cannot add it to event gvcmob:gvcmob.cannon1
[21:22:55] [Client thread/WARN]: File gvcmob:sounds/cannon2.ogg does not exist, cannot add it to event gvcmob:gvcmob.cannon2
[21:22:55] [Client thread/WARN]: File gvcmob:sounds/T80Fire.ogg does not exist, cannot add it to event gvcmob:gvcmob.T80Fire
[21:22:55] [Client thread/WARN]: File gvcmob:sounds/missile1.ogg does not exist, cannot add it to event gvcmob:gvcmob.missile1
[21:22:55] [Client thread/WARN]: File gvcmob:sounds/bombdrops.ogg does not exist, cannot add it to event gvcmob:gvcmob.bombdrops
[21:22:55] [Client thread/WARN]: File gvcmob:sounds/TankTrack.ogg does not exist, cannot add it to event gvcmob:gvcmob.TankTrack
[21:22:55] [Client thread/WARN]: File gvcmob:sounds/TankFire.ogg does not exist, cannot add it to event gvcmob:gvcmob.TankFire
[21:22:55] [Client thread/WARN]: File gvcmob:sounds/Tu-95prop.ogg does not exist, cannot add it to event gvcmob:gvcmob.Tu-95prop
[21:22:55] [Client thread/WARN]: File gvcmob:sounds/120mmFire.ogg does not exist, cannot add it to event gvcmob:gvcmob.120mmFire
[21:22:55] [Client thread/WARN]: File gvcmob:sounds/125mmFire.ogg does not exist, cannot add it to event gvcmob:gvcmob.125mmFire
[21:22:55] [Client thread/WARN]: File gvcmob:sounds/APCTrack.ogg does not exist, cannot add it to event gvcmob:gvcmob.APCTrack
[21:22:55] [Client thread/WARN]: File gvcmob:sounds/BMPTrack.ogg does not exist, cannot add it to event gvcmob:gvcmob.BMPTrack
[21:22:55] [Client thread/WARN]: File gvcmob:sounds/MBTTrack.ogg does not exist, cannot add it to event gvcmob:gvcmob.MBTTrack
[21:22:55] [Client thread/WARN]: File gvcmob:sounds/Leopard1Track.ogg does not exist, cannot add it to event gvcmob:gvcmob.Leopard1Track
[21:22:55] [Client thread/WARN]: File gvcmob:sounds/T34Track.ogg does not exist, cannot add it to event gvcmob:gvcmob.T34Track
[21:22:55] [Client thread/WARN]: File gvcmob:sounds/T-90Track.ogg does not exist, cannot add it to event gvcmob:gvcmob.T-90Track
[21:22:55] [Client thread/WARN]: File gvcmob:sounds/JeepWheel.ogg does not exist, cannot add it to event gvcmob:gvcmob.JeepWheel
[21:22:55] [Client thread/WARN]: File gvcmob:sounds/armorhit.ogg does not exist, cannot add it to event gvcmob:gvcmob.armorhit
[21:22:55] [Client thread/WARN]: File gvcmob:sounds/traverseSound.ogg does not exist, cannot add it to event gvcmob:gvcmob.traverseSound
[21:22:55] [Client thread/WARN]: File gvcmob:sounds/73mmLowPresureGunFire.ogg does not exist, cannot add it to event gvcmob:gvcmob.73mmLowPresureGunFire
[21:22:55] [Client thread/WARN]: File gvcmob:sounds/ArmorBounce.ogg does not exist, cannot add it to event gvcmob:gvcmob.ArmorBounce
[21:22:55] [Client thread/WARN]: File gvcmob:sounds/Arty_reload.ogg does not exist, cannot add it to event gvcmob:gvcmob.Arty_reload
[21:22:55] [Client thread/WARN]: File gvcmob:sounds/grenade_voice.ogg does not exist, cannot add it to event gvcmob:gvcmob.grenade
[21:22:55] [Client thread/WARN]: File gvcmob:sounds/heli.ogg does not exist, cannot add it to event gvcmob:gvcmob.heli
[21:22:55] [Client thread/WARN]: File gvcmob:sounds/tank.ogg does not exist, cannot add it to event gvcmob:gvcmob.tank
[21:22:55] [Client thread/WARN]: File gvcmob:sounds/Caterpillar.ogg does not exist, cannot add it to event gvcmob:gvcmob.Caterpillar
[21:22:55] [Client thread/WARN]: File gvcmob:sounds/cannon1.ogg does not exist, cannot add it to event gvcmob:gvcmob.cannon1
[21:22:55] [Client thread/WARN]: File gvcmob:sounds/cannon2.ogg does not exist, cannot add it to event gvcmob:gvcmob.cannon2
[21:22:55] [Client thread/WARN]: File gvcmob:sounds/T80Fire.ogg does not exist, cannot add it to event gvcmob:gvcmob.T80Fire
[21:22:55] [Client thread/WARN]: File gvcmob:sounds/missile1.ogg does not exist, cannot add it to event gvcmob:gvcmob.missile1
[21:22:55] [Client thread/WARN]: File gvcmob:sounds/bombdrops.ogg does not exist, cannot add it to event gvcmob:gvcmob.bombdrops
[21:22:55] [Client thread/WARN]: File gvcmob:sounds/TankTrack.ogg does not exist, cannot add it to event gvcmob:gvcmob.TankTrack
[21:22:55] [Client thread/WARN]: File gvcmob:sounds/TankFire.ogg does not exist, cannot add it to event gvcmob:gvcmob.TankFire
[21:22:55] [Client thread/WARN]: File gvcmob:sounds/Tu-95prop.ogg does not exist, cannot add it to event gvcmob:gvcmob.Tu-95prop
[21:22:55] [Client thread/WARN]: File gvcmob:sounds/120mmFire.ogg does not exist, cannot add it to event gvcmob:gvcmob.120mmFire
[21:22:55] [Client thread/WARN]: File gvcmob:sounds/125mmFire.ogg does not exist, cannot add it to event gvcmob:gvcmob.125mmFire
[21:22:55] [Client thread/WARN]: File gvcmob:sounds/APCTrack.ogg does not exist, cannot add it to event gvcmob:gvcmob.APCTrack
[21:22:55] [Client thread/WARN]: File gvcmob:sounds/BMPTrack.ogg does not exist, cannot add it to event gvcmob:gvcmob.BMPTrack
[21:22:55] [Client thread/WARN]: File gvcmob:sounds/MBTTrack.ogg does not exist, cannot add it to event gvcmob:gvcmob.MBTTrack
[21:22:55] [Client thread/WARN]: File gvcmob:sounds/Leopard1Track.ogg does not exist, cannot add it to event gvcmob:gvcmob.Leopard1Track
[21:22:55] [Client thread/WARN]: File gvcmob:sounds/T34Track.ogg does not exist, cannot add it to event gvcmob:gvcmob.T34Track
[21:22:55] [Client thread/WARN]: File gvcmob:sounds/T-90Track.ogg does not exist, cannot add it to event gvcmob:gvcmob.T-90Track
[21:22:55] [Client thread/WARN]: File gvcmob:sounds/JeepWheel.ogg does not exist, cannot add it to event gvcmob:gvcmob.JeepWheel
[21:22:55] [Client thread/WARN]: File gvcmob:sounds/armorhit.ogg does not exist, cannot add it to event gvcmob:gvcmob.armorhit
[21:22:55] [Client thread/WARN]: File gvcmob:sounds/traverseSound.ogg does not exist, cannot add it to event gvcmob:gvcmob.traverseSound
[21:22:55] [Client thread/WARN]: File gvcmob:sounds/73mmLowPresureGunFire.ogg does not exist, cannot add it to event gvcmob:gvcmob.73mmLowPresureGunFire
[21:22:55] [Client thread/WARN]: File gvcmob:sounds/ArmorBounce.ogg does not exist, cannot add it to event gvcmob:gvcmob.ArmorBounce
[21:22:55] [Client thread/WARN]: File gvcmob:sounds/Arty_reload.ogg does not exist, cannot add it to event gvcmob:gvcmob.Arty_reload
[21:22:55] [Client thread/WARN]: File handmadeguns:sounds/nulls.ogg does not exist, cannot add it to event handmadeguns:handmadeguns.nulls
[21:23:21] [Server thread/INFO]: Starting integrated minecraft server version 1.7.10
[21:23:21] [Server thread/INFO]: Generating keypair
[21:23:21] [Server thread/INFO]: Preparing start region for level 0
[21:23:22] [Server thread/INFO]: Changing view distance to 12, from 10
[21:23:22] [Server thread/INFO]: Player861[local:E:542183c8] logged in with entity id 307 at (-511.33171104723306, 71.77884682960598, 661.2665789515224)
[21:23:22] [Server thread/INFO]: Player861 joined the game
[21:23:26] [Server thread/INFO]: Saving and pausing game...
[21:23:26] [Server thread/INFO]: Saving chunks for level 'New World'/Overworld
[21:23:26] [Server thread/INFO]: Saving chunks for level 'New World'/Nether
[21:23:26] [Server thread/INFO]: Saving chunks for level 'New World'/The End
[21:23:26] [Server thread/WARN]: Can't keep up! Did the system time change, or is the server overloaded? Running 3863ms behind, skipping 77 tick(s)
[21:24:35] [Server thread/INFO]: Player861 has just earned the achievement [Taking Inventory]
[21:24:35] [Client thread/INFO]: [CHAT] Player861 has just earned the achievement [Taking Inventory]
[21:27:56] [Server thread/INFO]: [Player861: Set the time to 0]
[21:27:56] [Client thread/INFO]: [CHAT] Set the time to 0
[21:31:18] [Client thread/INFO]: Stopping!
[21:31:18] [Server thread/INFO]: Stopping server
[21:31:18] [Server thread/INFO]: Saving players
[21:31:18] [Server thread/INFO]: Saving worlds
[21:31:18] [Server thread/INFO]: Saving chunks for level 'New World'/Overworld
[21:31:18] [Server thread/INFO]: Saving chunks for level 'New World'/Nether
[21:31:18] [Server thread/INFO]: Saving chunks for level 'New World'/The End
[21:31:18] [Client Shutdown Thread/INFO]: Stopping server
[21:31:18] [Client Shutdown Thread/INFO]: Saving players
